mode: set
github.com/wlbr/scrummy/tools/config.go:24.41,26.27 2 0
github.com/wlbr/scrummy/tools/config.go:31.2,38.46 1 0
github.com/wlbr/scrummy/tools/config.go:26.27,28.3 1 0
github.com/wlbr/scrummy/tools/config.go:28.8,30.3 1 0
github.com/wlbr/scrummy/tools/config.go:42.49,49.2 1 0
github.com/wlbr/scrummy/tools/config.go:51.43,55.2 3 0
github.com/wlbr/scrummy/tools/config.go:57.90,60.16 3 0
github.com/wlbr/scrummy/tools/config.go:63.2,67.20 4 0
github.com/wlbr/scrummy/tools/config.go:71.2,72.16 2 0
github.com/wlbr/scrummy/tools/config.go:75.2,78.16 4 0
github.com/wlbr/scrummy/tools/config.go:82.2,82.21 1 0
github.com/wlbr/scrummy/tools/config.go:91.2,92.12 2 0
github.com/wlbr/scrummy/tools/config.go:60.16,62.3 1 0
github.com/wlbr/scrummy/tools/config.go:67.20,69.3 1 0
github.com/wlbr/scrummy/tools/config.go:72.16,74.3 1 0
github.com/wlbr/scrummy/tools/config.go:78.16,80.3 1 0
github.com/wlbr/scrummy/tools/config.go:82.21,84.44 2 0
github.com/wlbr/scrummy/tools/config.go:88.3,89.14 2 0
github.com/wlbr/scrummy/tools/config.go:84.44,86.4 1 0
github.com/wlbr/scrummy/tools/config.go:95.36,97.34 2 0
github.com/wlbr/scrummy/tools/config.go:97.34,99.3 1 0
github.com/wlbr/scrummy/tools/config.go:102.55,104.2 1 0
github.com/wlbr/scrummy/tools/config.go:106.38,110.2 3 0
github.com/wlbr/scrummy/tools/config.go:112.41,116.2 3 0
github.com/wlbr/scrummy/tools/loglevel.go:43.67,47.30 4 0
github.com/wlbr/scrummy/tools/loglevel.go:50.2,50.10 1 0
github.com/wlbr/scrummy/tools/loglevel.go:47.30,49.3 1 0
github.com/wlbr/scrummy/tools/loglevel.go:56.60,59.67 3 0
github.com/wlbr/scrummy/tools/loglevel.go:66.2,66.42 1 0
github.com/wlbr/scrummy/tools/loglevel.go:59.67,62.3 2 0
github.com/wlbr/scrummy/tools/loglevel.go:62.8,65.3 2 0
github.com/wlbr/scrummy/tools/loglevel.go:69.79,70.31 1 0
github.com/wlbr/scrummy/tools/loglevel.go:70.31,73.3 2 0
github.com/wlbr/scrummy/tools/loglevel.go:78.59,80.2 1 0
github.com/wlbr/scrummy/tools/loglevel.go:84.60,86.2 1 0
github.com/wlbr/scrummy/tools/loglevel.go:90.59,92.2 1 0
github.com/wlbr/scrummy/tools/loglevel.go:96.60,98.2 1 0
github.com/wlbr/scrummy/tools/loglevel.go:102.60,104.2 1 0
github.com/wlbr/scrummy/tools/loglevel.go:110.41,112.2 1 0
github.com/wlbr/scrummy/tools/loglevel.go:114.81,122.2 7 0
github.com/wlbr/scrummy/tools/loglevel.go:127.50,128.30 1 0
github.com/wlbr/scrummy/tools/loglevel.go:128.30,130.3 1 0
github.com/wlbr/scrummy/tools/loglevel.go:130.8,132.3 1 0
github.com/wlbr/scrummy/tools/loglevel.go:138.51,139.30 1 0
github.com/wlbr/scrummy/tools/loglevel.go:139.30,141.3 1 0
github.com/wlbr/scrummy/tools/loglevel.go:141.8,143.3 1 0
github.com/wlbr/scrummy/tools/loglevel.go:149.50,150.30 1 0
github.com/wlbr/scrummy/tools/loglevel.go:150.30,152.3 1 0
github.com/wlbr/scrummy/tools/loglevel.go:152.8,154.3 1 0
github.com/wlbr/scrummy/tools/loglevel.go:160.51,161.30 1 0
github.com/wlbr/scrummy/tools/loglevel.go:161.30,163.3 1 0
github.com/wlbr/scrummy/tools/loglevel.go:163.8,165.3 1 0
github.com/wlbr/scrummy/tools/loglevel.go:171.51,172.30 1 0
github.com/wlbr/scrummy/tools/loglevel.go:172.30,174.3 1 0
github.com/wlbr/scrummy/tools/loglevel.go:174.8,176.3 1 0
github.com/wlbr/scrummy/tools/loglevel_enumer.go:14.35,15.51 1 0
github.com/wlbr/scrummy/tools/loglevel_enumer.go:18.2,18.61 1 0
github.com/wlbr/scrummy/tools/loglevel_enumer.go:15.51,17.3 1 0
github.com/wlbr/scrummy/tools/loglevel_enumer.go:35.49,36.47 1 0
github.com/wlbr/scrummy/tools/loglevel_enumer.go:39.2,39.66 1 0
github.com/wlbr/scrummy/tools/loglevel_enumer.go:36.47,38.3 1 0
github.com/wlbr/scrummy/tools/loglevel_enumer.go:43.34,45.2 1 0
github.com/wlbr/scrummy/tools/loglevel_enumer.go:48.38,49.36 1 0
github.com/wlbr/scrummy/tools/loglevel_enumer.go:54.2,54.14 1 0
github.com/wlbr/scrummy/tools/loglevel_enumer.go:49.36,50.13 1 0
github.com/wlbr/scrummy/tools/loglevel_enumer.go:50.13,52.4 1 0
github.com/wlbr/scrummy/tools/tools.go:9.26,10.16 1 0
github.com/wlbr/scrummy/tools/tools.go:10.16,12.3 1 0
github.com/wlbr/scrummy/tools/tools.go:16.34,18.22 2 1
github.com/wlbr/scrummy/tools/tools.go:23.2,23.10 1 1
github.com/wlbr/scrummy/tools/tools.go:18.22,19.12 1 1
github.com/wlbr/scrummy/tools/tools.go:19.12,21.4 1 1
github.com/wlbr/scrummy/tools/tools.go:27.34,29.22 2 1
github.com/wlbr/scrummy/tools/tools.go:34.2,34.10 1 1
github.com/wlbr/scrummy/tools/tools.go:29.22,30.12 1 1
github.com/wlbr/scrummy/tools/tools.go:30.12,32.4 1 1
github.com/wlbr/scrummy/tools/tools.go:43.49,65.2 20 0
